<?xml version="1.0" encoding="UTF-8"?>
<!-- Generated by org.testng.reporters.JUnitReportReporter -->
<testsuite hostname="DESKTOP-OU80H79" failures="0" tests="2" name="com.app.testng.CrossBrowser" time="12.824" errors="0" timestamp="10 Apr 2022 01:53:17 GMT" skipped="0">
  <testcase classname="com.app.testng.CrossBrowser" name="test1" time="8.596"/>
  <testcase classname="com.app.testng.CrossBrowser" name="test1" time="4.228"/>
</testsuite> <!-- com.app.testng.CrossBrowser -->
