<?xml version="1.0" encoding="UTF-8"?>
<!-- Generated by org.testng.reporters.JUnitReportReporter -->
<testsuite hostname="DESKTOP-OU80H79" failures="0" tests="7" name="com.app.testng.ParallelExe2" time="0.073" errors="0" timestamp="10 Apr 2022 01:34:14 GMT" skipped="0">
  <testcase classname="com.app.testng.ParallelExe2" name="test131" time="0.015"/>
  <testcase classname="com.app.testng.ParallelExe2" name="test12" time="0.022"/>
  <testcase classname="com.app.testng.ParallelExe2" name="test15" time="0.002"/>
  <testcase classname="com.app.testng.ParallelExe2" name="test141" time="0.004"/>
  <testcase classname="com.app.testng.ParallelExe2" name="test14" time="0.003"/>
  <testcase classname="com.app.testng.ParallelExe2" name="test121" time="0.006"/>
  <testcase classname="com.app.testng.ParallelExe2" name="test13" time="0.021"/>
</testsuite> <!-- com.app.testng.ParallelExe2 -->
