<?xml version="1.0" encoding="UTF-8"?>
<!-- Generated by org.testng.reporters.JUnitReportReporter -->
<testsuite hostname="DESKTOP-OU80H79" failures="0" tests="7" name="com.app.testng.ParallelExe" time="0.039" errors="0" timestamp="10 Apr 2022 01:34:14 GMT" skipped="0">
  <testcase classname="com.app.testng.ParallelExe" name="test9" time="0.004"/>
  <testcase classname="com.app.testng.ParallelExe" name="test14" time="0.003"/>
  <testcase classname="com.app.testng.ParallelExe" name="test11" time="0.003"/>
  <testcase classname="com.app.testng.ParallelExe" name="test10" time="0.022"/>
  <testcase classname="com.app.testng.ParallelExe" name="test12" time="0.003"/>
  <testcase classname="com.app.testng.ParallelExe" name="test13" time="0.002"/>
  <testcase classname="com.app.testng.ParallelExe" name="test8" time="0.002"/>
</testsuite> <!-- com.app.testng.ParallelExe -->
