<?xml version="1.0" encoding="UTF-8"?>
<!-- Generated by org.testng.reporters.JUnitReportReporter -->
<testsuite hostname="DESKTOP-OU80H79" failures="0" tests="3" name="com.app.testng.Parameter" time="0.016" errors="0" timestamp="09 Apr 2022 02:12:45 GMT" skipped="0">
  <testcase classname="com.app.testng.Parameter" name="username" time="0.012"/>
  <testcase classname="com.app.testng.Parameter" name="password" time="0.002"/>
  <testcase classname="com.app.testng.Parameter" name="click" time="0.002"/>
</testsuite> <!-- com.app.testng.Parameter -->
