<?xml version="1.0" encoding="UTF-8"?>
<!-- Generated by org.testng.reporters.JUnitReportReporter -->
<testsuite hostname="DESKTOP-OU80H79" failures="0" tests="4" name="com.app.testng.GroupTestCases2" time="0.028" errors="0" timestamp="09 Apr 2022 02:39:37 GMT" skipped="0">
  <testcase classname="com.app.testng.GroupTestCases2" name="test8" time="0.004"/>
  <testcase classname="com.app.testng.GroupTestCases2" name="test10" time="0.014"/>
  <testcase classname="com.app.testng.GroupTestCases2" name="test11" time="0.004"/>
  <testcase classname="com.app.testng.GroupTestCases2" name="test9" time="0.006"/>
</testsuite> <!-- com.app.testng.GroupTestCases2 -->
