<?xml version="1.0" encoding="UTF-8"?>
<!-- Generated by org.testng.reporters.JUnitReportReporter -->
<testsuite hostname="DESKTOP-OU80H79" failures="0" tests="4" name="com.app.testng.Sample1" time="0.031" errors="0" timestamp="09 Apr 2022 02:45:16 GMT" skipped="0">
  <testcase classname="com.app.testng.Sample1" name="test5" time="0.023"/>
  <testcase classname="com.app.testng.Sample1" name="test6" time="0.003"/>
  <testcase classname="com.app.testng.Sample1" name="test4" time="0.002"/>
  <testcase classname="com.app.testng.Sample1" name="test7" time="0.003"/>
</testsuite> <!-- com.app.testng.Sample1 -->
