<?xml version="1.0" encoding="UTF-8"?>
<!-- Generated by org.testng.reporters.JUnitReportReporter -->
<testsuite hostname="DESKTOP-OU80H79" failures="0" tests="2" name="com.app.testng.Testng_Ann" time="0.019" errors="0" timestamp="09 Apr 2022 01:45:55 GMT" skipped="0">
  <testcase classname="com.app.testng.Testng_Ann" name="test2" time="0.007"/>
  <testcase classname="com.app.testng.Testng_Ann" name="test1" time="0.012"/>
</testsuite> <!-- com.app.testng.Testng_Ann -->
