<?xml version="1.0" encoding="UTF-8"?>
<!-- Generated by org.testng.reporters.JUnitReportReporter -->
<testsuite hostname="DESKTOP-OU80H79" failures="0" tests="2" name="com.app.testng.DataProviderTest" time="13.486" errors="0" timestamp="10 Apr 2022 03:06:54 GMT" skipped="0">
  <testcase classname="com.app.testng.DataProviderTest" name="test1" time="7.182"/>
  <testcase classname="com.app.testng.DataProviderTest" name="test1" time="6.304"/>
</testsuite> <!-- com.app.testng.DataProviderTest -->
