<?xml version="1.0" encoding="UTF-8"?>
<!-- Generated by org.testng.reporters.JUnitReportReporter -->
<testsuite hostname="DESKTOP-OU80H79" failures="0" tests="2" name="com.app.testng.ParallelExe3" time="0.016" errors="0" timestamp="10 Apr 2022 01:40:32 GMT" skipped="0">
  <testcase classname="com.app.testng.ParallelExe3" name="test121" time="0.008"/>
  <testcase classname="com.app.testng.ParallelExe3" name="test121" time="0.008"/>
</testsuite> <!-- com.app.testng.ParallelExe3 -->
