<?xml version="1.0" encoding="UTF-8"?>
<!-- Generated by org.testng.reporters.JUnitReportReporter -->
<testsuite hostname="DESKTOP-OU80H79" failures="0" tests="3" name="com.app.testng.Sample2" time="0.022" errors="0" timestamp="09 Apr 2022 02:27:35 GMT" skipped="0">
  <testcase classname="com.app.testng.Sample2" name="test10" time="0.017"/>
  <testcase classname="com.app.testng.Sample2" name="test9" time="0.002"/>
  <testcase classname="com.app.testng.Sample2" name="test8" time="0.003"/>
</testsuite> <!-- com.app.testng.Sample2 -->
