<?xml version="1.0" encoding="UTF-8"?>
<!-- Generated by org.testng.reporters.JUnitReportReporter -->
<testsuite hostname="DESKTOP-OU80H79" failures="0" tests="5" name="com.app.testng.GroupTestCases1" time="0.017" errors="0" timestamp="09 Apr 2022 02:39:37 GMT" skipped="0">
  <testcase classname="com.app.testng.GroupTestCases1" name="test7" time="0.001"/>
  <testcase classname="com.app.testng.GroupTestCases1" name="test2" time="0.004"/>
  <testcase classname="com.app.testng.GroupTestCases1" name="test4" time="0.001"/>
  <testcase classname="com.app.testng.GroupTestCases1" name="test5" time="0.009"/>
  <testcase classname="com.app.testng.GroupTestCases1" name="test6" time="0.002"/>
</testsuite> <!-- com.app.testng.GroupTestCases1 -->
