<?xml version="1.0" encoding="UTF-8"?>
<!-- Generated by org.testng.reporters.JUnitReportReporter -->
<testsuite hostname="DESKTOP-OU80H79" failures="0" tests="3" name="com.app.testng.Priority_TestCases" time="0.019" errors="0" timestamp="09 Apr 2022 02:00:20 GMT" skipped="0">
  <testcase classname="com.app.testng.Priority_TestCases" name="username" time="0.016"/>
  <testcase classname="com.app.testng.Priority_TestCases" name="password" time="0.001"/>
  <testcase classname="com.app.testng.Priority_TestCases" name="click" time="0.002"/>
</testsuite> <!-- com.app.testng.Priority_TestCases -->
